2024-04-26 16:13:56.166 [info] Extension host with pid 198317 started
2024-04-26 16:13:56.182 [info] Lock '/home/malek/.vscode-server/data/User/workspaceStorage/d0a8554207ab67caa0b9b660c46c0856/vscode.lock': Lock acquired.
2024-04-26 16:13:56.217 [info] ExtensionService#_doActivateExtension vscode.emmet, startup: false, activationEvent: 'onLanguage'
2024-04-26 16:13:56.218 [info] ExtensionService#_doActivateExtension vscode.html-language-features, startup: false, activationEvent: 'onLanguage:html'
2024-04-26 16:13:57.207 [info] ExtensionService#_doActivateExtension vscode.git-base, startup: true, activationEvent: '*', root cause: vscode.git
2024-04-26 16:13:57.221 [info] ExtensionService#_doActivateExtension vscode.git, startup: true, activationEvent: '*'
2024-04-26 16:13:57.221 [info] ExtensionService#_doActivateExtension vscode.github, startup: true, activationEvent: '*'
2024-04-26 16:13:57.455 [info] Eager extensions activated
2024-04-26 16:13:57.455 [info] ExtensionService#_doActivateExtension vscode.debug-auto-launch, startup: false, activationEvent: 'onStartupFinished'
2024-04-26 16:13:57.456 [info] ExtensionService#_doActivateExtension vscode.merge-conflict, startup: false, activationEvent: 'onStartupFinished'
2024-04-26 16:15:35.829 [info] ExtensionService#_doActivateExtension vscode.extension-editing, startup: false, activationEvent: 'onLanguage:json'
2024-04-26 16:15:35.830 [info] ExtensionService#_doActivateExtension vscode.json-language-features, startup: false, activationEvent: 'onLanguage:json'
2024-04-26 16:15:35.830 [info] ExtensionService#_doActivateExtension vscode.npm, startup: false, activationEvent: 'onLanguage:json'
2024-04-26 16:25:56.776 [info] ExtensionService#_doActivateExtension vscode.tunnel-forwarding, startup: false, activationEvent: 'onTunnel'
2024-04-26 23:13:00.205 [info] ExtensionService#_doActivateExtension vscode.css-language-features, startup: false, activationEvent: 'onLanguage:css'
2024-04-26 23:14:53.692 [info] ExtensionService#_doActivateExtension vscode.typescript-language-features, startup: false, activationEvent: 'onLanguage:javascript'
2024-04-28 23:57:47.928 [error] Error: spawn git ENOENT
	at ChildProcess.<anonymous> (/home/malek/.vscode-server/bin/e170252f762678dec6ca2cc69aba1570769a5d39/extensions/git/dist/main.js:2:901016)
	at Object.onceWrapper (node:events:632:26)
	at ChildProcess.emit (node:events:517:28)
	at ChildProcess._handle.onexit (node:internal/child_process:290:12)
	at onErrorNT (node:internal/child_process:477:16)
	at process.processTicksAndRejections (node:internal/process/task_queues:82:21)
2024-04-29 09:12:07.883 [info] ExtensionService#_doActivateExtension vscode.debug-server-ready, startup: false, activationEvent: 'onDebugResolve'
2024-04-29 18:32:26.454 [warning] vscode.json-language-features - Code actions of kind 'quickfix 'requested but returned code action is of kind 'source.sort.json'. Code action will be dropped. Please check 'CodeActionContext.only' to only return requested code actions.
2024-04-29 18:32:43.697 [warning] vscode.json-language-features - Code actions of kind 'quickfix 'requested but returned code action is of kind 'source.sort.json'. Code action will be dropped. Please check 'CodeActionContext.only' to only return requested code actions.
2024-04-29 18:32:47.458 [warning] vscode.json-language-features - Code actions of kind 'quickfix 'requested but returned code action is of kind 'source.sort.json'. Code action will be dropped. Please check 'CodeActionContext.only' to only return requested code actions.
2024-04-30 18:52:48.395 [warning] [Decorations] CAPPING events from decorations provider vscode.git 8471
2024-04-30 18:52:49.192 [warning] [Decorations] CAPPING events from decorations provider vscode.git 8471
