2024-04-25 19:52:16.494 [info] Log level: Info
2024-04-25 19:52:16.494 [info] Validating found git in: "git"
2024-04-25 19:52:16.494 [info] Using git "2.34.1" from "git"
2024-04-25 19:52:16.494 [info] > git rev-parse --show-toplevel [3ms]
2024-04-25 19:52:16.494 [info] fatal: not a git repository (or any of the parent directories): .git
2024-04-25 19:52:16.494 [info] > git rev-parse --show-toplevel [4ms]
2024-04-25 19:52:16.494 [info] fatal: not a git repository (or any of the parent directories): .git
2024-04-25 19:52:16.494 [info] > git rev-parse --show-toplevel [1ms]
2024-04-25 19:52:16.494 [info] fatal: not a git repository (or any of the parent directories): .git
2024-04-25 19:52:16.495 [info] > git rev-parse --show-toplevel [1ms]
2024-04-25 19:52:16.495 [info] fatal: not a git repository (or any of the parent directories): .git
2024-04-25 19:52:16.506 [info] > git rev-parse --show-toplevel [0ms]
2024-04-25 19:52:16.507 [info] fatal: not a git repository (or any of the parent directories): .git
2024-04-25 19:52:16.515 [info] > git rev-parse --show-toplevel [1ms]
2024-04-25 19:52:16.516 [info] fatal: not a git repository (or any of the parent directories): .git
2024-04-25 19:52:16.523 [info] > git rev-parse --show-toplevel [1ms]
2024-04-25 19:52:16.523 [info] fatal: not a git repository (or any of the parent directories): .git
2024-04-25 19:59:24.190 [info] > git rev-parse --show-toplevel [2ms]
2024-04-25 19:59:24.191 [info] fatal: not a git repository (or any of the parent directories): .git
2024-04-25 19:59:25.827 [info] > git rev-parse --show-toplevel [15ms]
2024-04-25 19:59:25.827 [info] fatal: not a git repository (or any of the parent directories): .git
2024-04-25 19:59:26.404 [info] > git rev-parse --show-toplevel [1ms]
2024-04-25 19:59:26.404 [info] fatal: not a git repository (or any of the parent directories): .git
2024-04-25 19:59:26.783 [info] > git rev-parse --show-toplevel [1ms]
2024-04-25 19:59:26.783 [info] fatal: not a git repository (or any of the parent directories): .git
2024-04-25 20:00:16.744 [info] > git rev-parse --show-toplevel [1ms]
2024-04-25 20:00:16.744 [info] fatal: not a git repository (or any of the parent directories): .git
2024-04-25 20:00:17.307 [info] > git rev-parse --show-toplevel [2ms]
2024-04-25 20:00:17.307 [info] fatal: not a git repository (or any of the parent directories): .git
2024-04-25 20:00:17.885 [info] > git rev-parse --show-toplevel [1ms]
2024-04-25 20:00:17.885 [info] fatal: not a git repository (or any of the parent directories): .git
2024-04-25 20:00:18.385 [info] > git rev-parse --show-toplevel [2ms]
2024-04-25 20:00:18.385 [info] fatal: not a git repository (or any of the parent directories): .git
2024-04-26 09:26:30.518 [info] > git rev-parse --show-toplevel [1ms]
2024-04-26 09:26:30.524 [info] > git rev-parse --git-dir --git-common-dir [1ms]
2024-04-26 09:26:30.537 [info] Open repository: /home/malek/.nvm
2024-04-26 09:26:30.545 [info] > git config --get commit.template [1ms]
2024-04-26 09:26:30.553 [info] > git for-each-ref --format=%(refname)%00%(upstream:short)%00%(objectname)%00%(upstream:track)%00%(upstream:remotename)%00%(upstream:remoteref) refs/heads/master refs/remotes/master [3ms]
2024-04-26 09:26:30.554 [warning] No such branch: master.
2024-04-26 09:26:30.568 [info] > git status -z -uall [3ms]
2024-04-26 09:26:30.584 [info] > git config --get commit.template [2ms]
2024-04-26 09:26:30.592 [info] > git for-each-ref --format=%(refname)%00%(upstream:short)%00%(objectname)%00%(upstream:track)%00%(upstream:remotename)%00%(upstream:remoteref) refs/heads/master refs/remotes/master [1ms]
2024-04-26 09:26:30.592 [warning] No such branch: master.
2024-04-26 09:26:30.606 [info] > git status -z -uall [1ms]
2024-04-26 16:13:14.897 [info] > git config --get commit.template [19ms]
2024-04-26 16:13:14.898 [info] > git for-each-ref --format %(refname) %(objectname) %(*objectname) refs/tags [3ms]
2024-04-26 16:13:14.940 [info] > git status -z -uall [28ms]
2024-04-26 16:13:18.468 [info] > git check-ignore -v -z --stdin [1ms]
2024-04-26 16:13:19.953 [info] > git config --get commit.template [1ms]
2024-04-26 16:13:19.957 [info] > git for-each-ref --format %(refname) %(objectname) %(*objectname) refs/tags [0ms]
2024-04-26 16:13:19.969 [info] > git status -z -uall [9ms]
