0 verbose cli /home/malek/.nvm/versions/node/v22.0.0/bin/node /home/malek/.nvm/versions/node/v22.0.0/bin/npm
1 info using npm@10.5.1
2 info using node@v22.0.0
3 timing npm:load:whichnode Completed in 2ms
4 timing config:load:defaults Completed in 2ms
5 timing config:load:file:/home/malek/.nvm/versions/node/v22.0.0/lib/node_modules/npm/npmrc Completed in 1ms
6 timing config:load:builtin Completed in 1ms
7 timing config:load:cli Completed in 2ms
8 timing config:load:env Completed in 0ms
9 timing config:load:project Completed in 2ms
10 timing config:load:file:/home/malek/.npmrc Completed in 0ms
11 timing config:load:user Completed in 0ms
12 timing config:load:file:/home/malek/.nvm/versions/node/v22.0.0/etc/npmrc Completed in 0ms
13 timing config:load:global Completed in 0ms
14 timing config:load:setEnvs Completed in 1ms
15 timing config:load Completed in 8ms
16 timing npm:load:configload Completed in 8ms
17 timing config:load:flatten Completed in 2ms
18 timing npm:load:mkdirpcache Completed in 0ms
19 timing npm:load:mkdirplogs Completed in 1ms
20 verbose title npm install npm@latest
21 verbose argv "install" "--global" "npm@latest"
22 timing npm:load:setTitle Completed in 0ms
23 timing npm:load:display Completed in 1ms
24 verbose logfile logs-max:10 dir:/home/malek/.npm/_logs/2024-04-26T14_36_18_473Z-
25 verbose logfile /home/malek/.npm/_logs/2024-04-26T14_36_18_473Z-debug-0.log
26 timing npm:load:logFile Completed in 6ms
27 timing npm:load:timers Completed in 0ms
28 timing npm:load:configScope Completed in 1ms
29 timing npm:load Completed in 32ms
30 timing config:load:flatten Completed in 0ms
31 silly logfile done cleaning log files
32 http fetch GET 200 https://registry.npmjs.org/npm 539ms (cache miss)
33 timing arborist:ctor Completed in 1ms
34 timing idealTree:init Completed in 4ms
35 http fetch GET 200 https://registry.npmjs.org/npm 10ms (cache hit)
36 timing idealTree:userRequests Completed in 23ms
37 silly idealTree buildDeps
38 silly fetch manifest npm@10.6.0
39 silly placeDep ROOT npm@10.6.0 OK for:  want: 10.6.0
40 timing idealTree:#root Completed in 6ms
41 timing idealTree:node_modules/npm Completed in 0ms
42 timing idealTree:buildDeps Completed in 7ms
43 timing idealTree:fixDepFlags Completed in 0ms
44 timing idealTree Completed in 36ms
45 timing reify:loadTrees Completed in 131ms
46 timing reify:diffTrees Completed in 3ms
47 silly reify mark retired [
47 silly reify   '/home/malek/.nvm/versions/node/v22.0.0/lib/node_modules/npm',
47 silly reify   '/home/malek/.nvm/versions/node/v22.0.0/bin/npm',
47 silly reify   '/home/malek/.nvm/versions/node/v22.0.0/bin/npx'
47 silly reify ]
48 silly reify moves {
48 silly reify   '/home/malek/.nvm/versions/node/v22.0.0/lib/node_modules/npm': '/home/malek/.nvm/versions/node/v22.0.0/lib/node_modules/.npm-xz2nRajf',
48 silly reify   '/home/malek/.nvm/versions/node/v22.0.0/bin/npm': '/home/malek/.nvm/versions/node/v22.0.0/bin/.npm-buqwGMAF',
48 silly reify   '/home/malek/.nvm/versions/node/v22.0.0/bin/npx': '/home/malek/.nvm/versions/node/v22.0.0/bin/.npx-AYdjdpp8'
48 silly reify }
49 timing reify:retireShallow Completed in 3ms
50 timing reify:createSparse Completed in 0ms
51 silly tarball no local data for npm@https://registry.npmjs.org/npm/-/npm-10.6.0.tgz. Extracting by manifest.
52 http fetch GET 200 https://registry.npmjs.org/npm/-/npm-10.6.0.tgz 850ms (cache miss)
53 timing reifyNode:node_modules/npm Completed in 854ms
54 timing arborist:ctor Completed in 0ms
55 timing reify:diffTrees Completed in 5ms
56 timing reify:loadBundles Completed in 996ms
57 timing reify:unpack Completed in 0ms
58 timing reify:unretire Completed in 1ms
59 timing build:queue Completed in 13ms
60 timing build:link:node_modules/npm/node_modules/@npmcli/arborist Completed in 5ms
61 timing build:link:node_modules/npm Completed in 6ms
62 timing build:link:node_modules/npm/node_modules/cross-spawn/node_modules/which Completed in 4ms
63 timing build:link:node_modules/npm/node_modules/@npmcli/installed-package-contents Completed in 5ms
64 timing build:link:node_modules/npm/node_modules/cssesc Completed in 5ms
65 timing build:link:node_modules/npm/node_modules/glob Completed in 5ms
66 timing build:link:node_modules/npm/node_modules/mkdirp Completed in 5ms
67 timing build:link:node_modules/npm/node_modules/node-gyp Completed in 5ms
68 timing build:link:node_modules/npm/node_modules/nopt Completed in 4ms
69 timing build:link:node_modules/npm/node_modules/pacote Completed in 5ms
70 timing build:link:node_modules/npm/node_modules/qrcode-terminal Completed in 5ms
71 timing build:link:node_modules/npm/node_modules/semver Completed in 5ms
72 timing build:link:node_modules/npm/node_modules/which Completed in 5ms
73 timing build:link Completed in 7ms
74 timing build:deps Completed in 20ms
75 timing build Completed in 21ms
76 timing reify:build Completed in 21ms
77 timing reify:trash Completed in 127ms
78 timing reify Completed in 1286ms
79 silly CHANGE node_modules/npm
80 silly CHANGE node_modules/npm/node_modules/@sigstore/verify
81 silly CHANGE node_modules/npm/node_modules/@sigstore/sign
82 silly CHANGE node_modules/npm/node_modules/@sigstore/protobuf-specs
83 silly CHANGE node_modules/npm/node_modules/@sigstore/core
84 silly CHANGE node_modules/npm/node_modules/@sigstore/bundle
85 silly CHANGE node_modules/npm/node_modules/@npmcli/run-script
86 silly CHANGE node_modules/npm/node_modules/@npmcli/package-json
87 silly CHANGE node_modules/npm/node_modules/@npmcli/metavuln-calculator
88 silly CHANGE node_modules/npm/node_modules/@npmcli/map-workspaces
89 silly CHANGE node_modules/npm/node_modules/@npmcli/installed-package-contents
90 silly CHANGE node_modules/npm/node_modules/@npmcli/git
91 silly REMOVE node_modules/npm/node_modules/@npmcli/disparity-colors
92 silly REMOVE node_modules/npm/node_modules/@npmcli/disparity-colors/node_modules/ansi-styles
93 silly CHANGE node_modules/npm/node_modules/@npmcli/config
94 silly CHANGE node_modules/npm/node_modules/@npmcli/arborist
95 silly CHANGE node_modules/npm/node_modules/@npmcli/agent
96 silly REMOVE node_modules/npm/node_modules/@colors/colors
97 silly REMOVE node_modules/npm/node_modules/wide-align
98 silly CHANGE node_modules/npm/node_modules/which
99 silly REMOVE node_modules/npm/node_modules/wcwidth
100 silly CHANGE node_modules/npm/node_modules/spdx-expression-parse
101 silly CHANGE node_modules/npm/node_modules/socks-proxy-agent
102 silly CHANGE node_modules/npm/node_modules/socks
103 silly CHANGE node_modules/npm/node_modules/sigstore
104 silly REMOVE node_modules/npm/node_modules/set-blocking
105 silly CHANGE node_modules/npm/node_modules/semver
106 silly REMOVE node_modules/npm/node_modules/read-package-json
107 silly CHANGE node_modules/npm/node_modules/qrcode-terminal
108 silly CHANGE node_modules/npm/node_modules/proc-log
109 silly CHANGE node_modules/npm/node_modules/postcss-selector-parser
110 silly CHANGE node_modules/npm/node_modules/pacote
111 silly REMOVE node_modules/npm/node_modules/npmlog
112 silly CHANGE node_modules/npm/node_modules/npm-registry-fetch
113 silly CHANGE node_modules/npm/node_modules/npm-profile
114 silly CHANGE node_modules/npm/node_modules/npm-package-arg
115 silly CHANGE node_modules/npm/node_modules/nopt
116 silly CHANGE node_modules/npm/node_modules/node-gyp
117 silly CHANGE node_modules/npm/node_modules/mkdirp
118 silly CHANGE node_modules/npm/node_modules/libnpmversion
119 silly CHANGE node_modules/npm/node_modules/libnpmteam
120 silly CHANGE node_modules/npm/node_modules/libnpmsearch
121 silly CHANGE node_modules/npm/node_modules/libnpmpublish
122 silly CHANGE node_modules/npm/node_modules/libnpmpack
123 silly CHANGE node_modules/npm/node_modules/libnpmorg
124 silly CHANGE node_modules/npm/node_modules/libnpmhook
125 silly CHANGE node_modules/npm/node_modules/libnpmfund
126 silly CHANGE node_modules/npm/node_modules/libnpmexec
127 silly CHANGE node_modules/npm/node_modules/libnpmdiff
128 silly CHANGE node_modules/npm/node_modules/libnpmaccess
129 silly CHANGE node_modules/npm/node_modules/is-cidr
130 silly CHANGE node_modules/npm/node_modules/hasown
131 silly REMOVE node_modules/npm/node_modules/has-unicode
132 silly CHANGE node_modules/npm/node_modules/glob
133 silly REMOVE node_modules/npm/node_modules/gauge
134 silly REMOVE node_modules/npm/node_modules/defaults
135 silly CHANGE node_modules/npm/node_modules/cssesc
136 silly CHANGE node_modules/npm/node_modules/cross-spawn/node_modules/which
137 silly REMOVE node_modules/npm/node_modules/console-control-strings
138 silly REMOVE node_modules/npm/node_modules/columnify
139 silly REMOVE node_modules/npm/node_modules/color-support
140 silly REMOVE node_modules/npm/node_modules/clone
141 silly REMOVE node_modules/npm/node_modules/cli-table3
142 silly CHANGE node_modules/npm/node_modules/cidr-regex
143 silly CHANGE node_modules/npm/node_modules/builtins
144 silly REMOVE node_modules/npm/node_modules/are-we-there-yet
145 timing command:install Completed in 1853ms
146 verbose exit 0
147 timing npm Completed in 2079ms
148 info ok
