2024-04-25 19:52:14.909 [info] Extension host with pid 44190 started
2024-04-25 19:52:14.944 [info] Eager extensions activated
2024-04-25 19:52:14.964 [info] Lock '/home/malek/.vscode-server/data/User/workspaceStorage/d0a8554207ab67caa0b9b660c46c0856/vscode.lock': Lock acquired.
2024-04-25 19:52:16.201 [info] ExtensionService#_doActivateExtension vscode.debug-auto-launch, startup: false, activationEvent: 'onStartupFinished'
2024-04-25 19:52:16.203 [info] ExtensionService#_doActivateExtension vscode.git-base, startup: false, activationEvent: '*', root cause: vscode.git
2024-04-25 19:52:16.204 [info] ExtensionService#_doActivateExtension vscode.merge-conflict, startup: false, activationEvent: 'onStartupFinished'
2024-04-25 19:52:16.294 [info] ExtensionService#_doActivateExtension vscode.git, startup: false, activationEvent: '*'
2024-04-25 19:52:16.295 [info] ExtensionService#_doActivateExtension vscode.github, startup: false, activationEvent: '*'
2024-04-25 19:52:30.577 [info] ExtensionService#_doActivateExtension vscode.emmet, startup: false, activationEvent: 'onLanguage'
2024-04-25 19:59:24.120 [info] ExtensionService#_doActivateExtension vscode.html-language-features, startup: false, activationEvent: 'onLanguage:html'
2024-04-26 16:13:47.241 [info] Extension host terminating: received terminate message from renderer
2024-04-26 16:13:47.243 [info] Lock '/home/malek/.vscode-server/data/User/workspaceStorage/d0a8554207ab67caa0b9b660c46c0856/vscode.lock': Marking the lockfile as scheduled to be released in 6000 ms.
2024-04-26 16:13:47.360 [error] Canceled: Canceled
	at new O (/home/malek/.vscode-server/bin/e170252f762678dec6ca2cc69aba1570769a5d39/out/vs/workbench/api/node/extensionHostProcess.js:144:46998)
	at l.U (/home/malek/.vscode-server/bin/e170252f762678dec6ca2cc69aba1570769a5d39/out/vs/workbench/api/node/extensionHostProcess.js:151:5539)
	at T.<computed>.F.charCodeAt.T.<computed> (/home/malek/.vscode-server/bin/e170252f762678dec6ca2cc69aba1570769a5d39/out/vs/workbench/api/node/extensionHostProcess.js:151:2993)
	at d.g (/home/malek/.vscode-server/bin/e170252f762678dec6ca2cc69aba1570769a5d39/out/vs/workbench/api/node/extensionHostProcess.js:154:186335)
	at d.executeCommand (/home/malek/.vscode-server/bin/e170252f762678dec6ca2cc69aba1570769a5d39/out/vs/workbench/api/node/extensionHostProcess.js:154:185773)
	at E.registerCommand.description (/home/malek/.vscode-server/bin/e170252f762678dec6ca2cc69aba1570769a5d39/out/vs/workbench/api/node/extensionHostProcess.js:154:185097)
	at d.h (/home/malek/.vscode-server/bin/e170252f762678dec6ca2cc69aba1570769a5d39/out/vs/workbench/api/node/extensionHostProcess.js:154:186874)
	at d.g (/home/malek/.vscode-server/bin/e170252f762678dec6ca2cc69aba1570769a5d39/out/vs/workbench/api/node/extensionHostProcess.js:154:185866)
	at d.executeCommand (/home/malek/.vscode-server/bin/e170252f762678dec6ca2cc69aba1570769a5d39/out/vs/workbench/api/node/extensionHostProcess.js:154:185773)
	at Object.executeCommand (/home/malek/.vscode-server/bin/e170252f762678dec6ca2cc69aba1570769a5d39/out/vs/workbench/api/node/extensionHostProcess.js:164:22785)
	at o.O [as value] (/home/malek/.vscode-server/bin/e170252f762678dec6ca2cc69aba1570769a5d39/extensions/git/dist/main.js:2:945802)
	at s.y (/home/malek/.vscode-server/bin/e170252f762678dec6ca2cc69aba1570769a5d39/out/vs/workbench/api/node/extensionHostProcess.js:82:659)
	at s.z (/home/malek/.vscode-server/bin/e170252f762678dec6ca2cc69aba1570769a5d39/out/vs/workbench/api/node/extensionHostProcess.js:82:729)
	at s.fire (/home/malek/.vscode-server/bin/e170252f762678dec6ca2cc69aba1570769a5d39/out/vs/workbench/api/node/extensionHostProcess.js:82:945)
	at Object.m [as dispose] (/home/malek/.vscode-server/bin/e170252f762678dec6ca2cc69aba1570769a5d39/extensions/git/dist/main.js:2:964886)
	at /home/malek/.vscode-server/bin/e170252f762678dec6ca2cc69aba1570769a5d39/extensions/git/dist/main.js:2:970920
	at Array.forEach (<anonymous>)
	at f.dispose (/home/malek/.vscode-server/bin/e170252f762678dec6ca2cc69aba1570769a5d39/extensions/git/dist/main.js:2:970906)
	at a.<anonymous> (/home/malek/.vscode-server/bin/e170252f762678dec6ca2cc69aba1570769a5d39/out/vs/workbench/api/node/extensionHostProcess.js:152:3830)
	at a.dispose (/home/malek/.vscode-server/bin/e170252f762678dec6ca2cc69aba1570769a5d39/out/vs/workbench/api/node/extensionHostProcess.js:152:3927)
	at a.<anonymous> (/home/malek/.vscode-server/bin/e170252f762678dec6ca2cc69aba1570769a5d39/extensions/git/dist/main.js:2:948059)
	at a.dispose (/home/malek/.vscode-server/bin/e170252f762678dec6ca2cc69aba1570769a5d39/out/vs/workbench/api/node/extensionHostProcess.js:152:3927)
	at o (/home/malek/.vscode-server/bin/e170252f762678dec6ca2cc69aba1570769a5d39/out/vs/workbench/api/node/extensionHostProcess.js:30:714)
	at g.eb (/home/malek/.vscode-server/bin/e170252f762678dec6ca2cc69aba1570769a5d39/out/vs/workbench/api/node/extensionHostProcess.js:160:9967)
	at /home/malek/.vscode-server/bin/e170252f762678dec6ca2cc69aba1570769a5d39/out/vs/workbench/api/node/extensionHostProcess.js:160:7816
	at Array.map (<anonymous>)
	at g.$ (/home/malek/.vscode-server/bin/e170252f762678dec6ca2cc69aba1570769a5d39/out/vs/workbench/api/node/extensionHostProcess.js:160:7803)
	at g.terminate (/home/malek/.vscode-server/bin/e170252f762678dec6ca2cc69aba1570769a5d39/out/vs/workbench/api/node/extensionHostProcess.js:160:8077)
	at o.terminate (/home/malek/.vscode-server/bin/e170252f762678dec6ca2cc69aba1570769a5d39/out/vs/workbench/api/node/extensionHostProcess.js:164:1513)
	at t (/home/malek/.vscode-server/bin/e170252f762678dec6ca2cc69aba1570769a5d39/out/vs/workbench/api/node/extensionHostProcess.js:177:9917)
	at o.value (/home/malek/.vscode-server/bin/e170252f762678dec6ca2cc69aba1570769a5d39/out/vs/workbench/api/node/extensionHostProcess.js:177:7964)
	at s.y (/home/malek/.vscode-server/bin/e170252f762678dec6ca2cc69aba1570769a5d39/out/vs/workbench/api/node/extensionHostProcess.js:82:659)
	at s.fire (/home/malek/.vscode-server/bin/e170252f762678dec6ca2cc69aba1570769a5d39/out/vs/workbench/api/node/extensionHostProcess.js:82:876)
	at r.fire (/home/malek/.vscode-server/bin/e170252f762678dec6ca2cc69aba1570769a5d39/out/vs/workbench/api/node/extensionHostProcess.js:107:14173)
	at d.z (/home/malek/.vscode-server/bin/e170252f762678dec6ca2cc69aba1570769a5d39/out/vs/workbench/api/node/extensionHostProcess.js:107:17238)
	at o.value (/home/malek/.vscode-server/bin/e170252f762678dec6ca2cc69aba1570769a5d39/out/vs/workbench/api/node/extensionHostProcess.js:107:16643)
	at s.y (/home/malek/.vscode-server/bin/e170252f762678dec6ca2cc69aba1570769a5d39/out/vs/workbench/api/node/extensionHostProcess.js:82:659)
	at s.fire (/home/malek/.vscode-server/bin/e170252f762678dec6ca2cc69aba1570769a5d39/out/vs/workbench/api/node/extensionHostProcess.js:82:876)
	at g.acceptChunk (/home/malek/.vscode-server/bin/e170252f762678dec6ca2cc69aba1570769a5d39/out/vs/workbench/api/node/extensionHostProcess.js:107:11947)
	at o.value (/home/malek/.vscode-server/bin/e170252f762678dec6ca2cc69aba1570769a5d39/out/vs/workbench/api/node/extensionHostProcess.js:107:11234)
	at s.y (/home/malek/.vscode-server/bin/e170252f762678dec6ca2cc69aba1570769a5d39/out/vs/workbench/api/node/extensionHostProcess.js:82:659)
	at s.fire (/home/malek/.vscode-server/bin/e170252f762678dec6ca2cc69aba1570769a5d39/out/vs/workbench/api/node/extensionHostProcess.js:82:876)
	at i.z (/home/malek/.vscode-server/bin/e170252f762678dec6ca2cc69aba1570769a5d39/out/vs/workbench/api/node/extensionHostProcess.js:174:19732)
	at i.acceptFrame (/home/malek/.vscode-server/bin/e170252f762678dec6ca2cc69aba1570769a5d39/out/vs/workbench/api/node/extensionHostProcess.js:174:19538)
	at n (/home/malek/.vscode-server/bin/e170252f762678dec6ca2cc69aba1570769a5d39/out/vs/workbench/api/node/extensionHostProcess.js:174:18037)
	at /home/malek/.vscode-server/bin/e170252f762678dec6ca2cc69aba1570769a5d39/out/vs/workbench/api/node/extensionHostProcess.js:174:15257
	at Socket.k (/home/malek/.vscode-server/bin/e170252f762678dec6ca2cc69aba1570769a5d39/out/vs/workbench/api/node/extensionHostProcess.js:174:13162)
	at Socket.emit (node:events:517:28)
	at addChunk (node:internal/streams/readable:335:12)
	at readableAddChunk (node:internal/streams/readable:308:9)
	at Readable.push (node:internal/streams/readable:245:10)
	at TCP.onStreamRead (node:internal/stream_base_commons:190:23) setContext undefined
2024-04-26 16:13:47.367 [error] Canceled: Canceled
	at new O (/home/malek/.vscode-server/bin/e170252f762678dec6ca2cc69aba1570769a5d39/out/vs/workbench/api/node/extensionHostProcess.js:144:46998)
	at l.U (/home/malek/.vscode-server/bin/e170252f762678dec6ca2cc69aba1570769a5d39/out/vs/workbench/api/node/extensionHostProcess.js:151:5539)
	at T.<computed>.F.charCodeAt.T.<computed> (/home/malek/.vscode-server/bin/e170252f762678dec6ca2cc69aba1570769a5d39/out/vs/workbench/api/node/extensionHostProcess.js:151:2993)
	at d.g (/home/malek/.vscode-server/bin/e170252f762678dec6ca2cc69aba1570769a5d39/out/vs/workbench/api/node/extensionHostProcess.js:154:186335)
	at d.executeCommand (/home/malek/.vscode-server/bin/e170252f762678dec6ca2cc69aba1570769a5d39/out/vs/workbench/api/node/extensionHostProcess.js:154:185773)
	at E.registerCommand.description (/home/malek/.vscode-server/bin/e170252f762678dec6ca2cc69aba1570769a5d39/out/vs/workbench/api/node/extensionHostProcess.js:154:185097)
	at d.h (/home/malek/.vscode-server/bin/e170252f762678dec6ca2cc69aba1570769a5d39/out/vs/workbench/api/node/extensionHostProcess.js:154:186874)
	at d.g (/home/malek/.vscode-server/bin/e170252f762678dec6ca2cc69aba1570769a5d39/out/vs/workbench/api/node/extensionHostProcess.js:154:185866)
	at d.executeCommand (/home/malek/.vscode-server/bin/e170252f762678dec6ca2cc69aba1570769a5d39/out/vs/workbench/api/node/extensionHostProcess.js:154:185773)
	at Object.executeCommand (/home/malek/.vscode-server/bin/e170252f762678dec6ca2cc69aba1570769a5d39/out/vs/workbench/api/node/extensionHostProcess.js:164:22785)
	at set hasGitHubRepositories [as hasGitHubRepositories] (/home/malek/.vscode-server/bin/e170252f762678dec6ca2cc69aba1570769a5d39/extensions/github/dist/extension.js:2:324866)
	at /home/malek/.vscode-server/bin/e170252f762678dec6ca2cc69aba1570769a5d39/extensions/github/dist/extension.js:2:325825
	at o.value (/home/malek/.vscode-server/bin/e170252f762678dec6ca2cc69aba1570769a5d39/extensions/git/dist/main.js:2:1051703)
	at s.y (/home/malek/.vscode-server/bin/e170252f762678dec6ca2cc69aba1570769a5d39/out/vs/workbench/api/node/extensionHostProcess.js:82:659)
	at s.z (/home/malek/.vscode-server/bin/e170252f762678dec6ca2cc69aba1570769a5d39/out/vs/workbench/api/node/extensionHostProcess.js:82:729)
	at s.fire (/home/malek/.vscode-server/bin/e170252f762678dec6ca2cc69aba1570769a5d39/out/vs/workbench/api/node/extensionHostProcess.js:82:945)
	at Object.m [as dispose] (/home/malek/.vscode-server/bin/e170252f762678dec6ca2cc69aba1570769a5d39/extensions/git/dist/main.js:2:964886)
	at /home/malek/.vscode-server/bin/e170252f762678dec6ca2cc69aba1570769a5d39/extensions/git/dist/main.js:2:970920
	at Array.forEach (<anonymous>)
	at f.dispose (/home/malek/.vscode-server/bin/e170252f762678dec6ca2cc69aba1570769a5d39/extensions/git/dist/main.js:2:970906)
	at a.<anonymous> (/home/malek/.vscode-server/bin/e170252f762678dec6ca2cc69aba1570769a5d39/out/vs/workbench/api/node/extensionHostProcess.js:152:3830)
	at a.dispose (/home/malek/.vscode-server/bin/e170252f762678dec6ca2cc69aba1570769a5d39/out/vs/workbench/api/node/extensionHostProcess.js:152:3927)
	at a.<anonymous> (/home/malek/.vscode-server/bin/e170252f762678dec6ca2cc69aba1570769a5d39/extensions/git/dist/main.js:2:948059)
	at a.dispose (/home/malek/.vscode-server/bin/e170252f762678dec6ca2cc69aba1570769a5d39/out/vs/workbench/api/node/extensionHostProcess.js:152:3927)
	at o (/home/malek/.vscode-server/bin/e170252f762678dec6ca2cc69aba1570769a5d39/out/vs/workbench/api/node/extensionHostProcess.js:30:714)
	at g.eb (/home/malek/.vscode-server/bin/e170252f762678dec6ca2cc69aba1570769a5d39/out/vs/workbench/api/node/extensionHostProcess.js:160:9967)
	at /home/malek/.vscode-server/bin/e170252f762678dec6ca2cc69aba1570769a5d39/out/vs/workbench/api/node/extensionHostProcess.js:160:7816
	at Array.map (<anonymous>)
	at g.$ (/home/malek/.vscode-server/bin/e170252f762678dec6ca2cc69aba1570769a5d39/out/vs/workbench/api/node/extensionHostProcess.js:160:7803)
	at g.terminate (/home/malek/.vscode-server/bin/e170252f762678dec6ca2cc69aba1570769a5d39/out/vs/workbench/api/node/extensionHostProcess.js:160:8077)
	at o.terminate (/home/malek/.vscode-server/bin/e170252f762678dec6ca2cc69aba1570769a5d39/out/vs/workbench/api/node/extensionHostProcess.js:164:1513)
	at t (/home/malek/.vscode-server/bin/e170252f762678dec6ca2cc69aba1570769a5d39/out/vs/workbench/api/node/extensionHostProcess.js:177:9917)
	at o.value (/home/malek/.vscode-server/bin/e170252f762678dec6ca2cc69aba1570769a5d39/out/vs/workbench/api/node/extensionHostProcess.js:177:7964)
	at s.y (/home/malek/.vscode-server/bin/e170252f762678dec6ca2cc69aba1570769a5d39/out/vs/workbench/api/node/extensionHostProcess.js:82:659)
	at s.fire (/home/malek/.vscode-server/bin/e170252f762678dec6ca2cc69aba1570769a5d39/out/vs/workbench/api/node/extensionHostProcess.js:82:876)
	at r.fire (/home/malek/.vscode-server/bin/e170252f762678dec6ca2cc69aba1570769a5d39/out/vs/workbench/api/node/extensionHostProcess.js:107:14173)
	at d.z (/home/malek/.vscode-server/bin/e170252f762678dec6ca2cc69aba1570769a5d39/out/vs/workbench/api/node/extensionHostProcess.js:107:17238)
	at o.value (/home/malek/.vscode-server/bin/e170252f762678dec6ca2cc69aba1570769a5d39/out/vs/workbench/api/node/extensionHostProcess.js:107:16643)
	at s.y (/home/malek/.vscode-server/bin/e170252f762678dec6ca2cc69aba1570769a5d39/out/vs/workbench/api/node/extensionHostProcess.js:82:659)
	at s.fire (/home/malek/.vscode-server/bin/e170252f762678dec6ca2cc69aba1570769a5d39/out/vs/workbench/api/node/extensionHostProcess.js:82:876)
	at g.acceptChunk (/home/malek/.vscode-server/bin/e170252f762678dec6ca2cc69aba1570769a5d39/out/vs/workbench/api/node/extensionHostProcess.js:107:11947)
	at o.value (/home/malek/.vscode-server/bin/e170252f762678dec6ca2cc69aba1570769a5d39/out/vs/workbench/api/node/extensionHostProcess.js:107:11234)
	at s.y (/home/malek/.vscode-server/bin/e170252f762678dec6ca2cc69aba1570769a5d39/out/vs/workbench/api/node/extensionHostProcess.js:82:659)
	at s.fire (/home/malek/.vscode-server/bin/e170252f762678dec6ca2cc69aba1570769a5d39/out/vs/workbench/api/node/extensionHostProcess.js:82:876)
	at i.z (/home/malek/.vscode-server/bin/e170252f762678dec6ca2cc69aba1570769a5d39/out/vs/workbench/api/node/extensionHostProcess.js:174:19732)
	at i.acceptFrame (/home/malek/.vscode-server/bin/e170252f762678dec6ca2cc69aba1570769a5d39/out/vs/workbench/api/node/extensionHostProcess.js:174:19538)
	at n (/home/malek/.vscode-server/bin/e170252f762678dec6ca2cc69aba1570769a5d39/out/vs/workbench/api/node/extensionHostProcess.js:174:18037)
	at /home/malek/.vscode-server/bin/e170252f762678dec6ca2cc69aba1570769a5d39/out/vs/workbench/api/node/extensionHostProcess.js:174:15257
	at Socket.k (/home/malek/.vscode-server/bin/e170252f762678dec6ca2cc69aba1570769a5d39/out/vs/workbench/api/node/extensionHostProcess.js:174:13162)
	at Socket.emit (node:events:517:28)
	at addChunk (node:internal/streams/readable:335:12)
	at readableAddChunk (node:internal/streams/readable:308:9)
	at Readable.push (node:internal/streams/readable:245:10)
	at TCP.onStreamRead (node:internal/stream_base_commons:190:23) setContext undefined
2024-04-26 16:13:47.373 [info] Extension host with pid 44190 exiting with code 0
